The target system is: Emscripten - 1 - x86
The host system is: Linux - 4.15.0-43-generic - x86_64
Determining if the include file pthread.h exists passed with the following output:
Change Dir: /home/ec/Documents/MainComp_Programming/FreeCodeCamp/basejumps/ar_experiments/opencvJS/build_opencv/CMakeFiles/CMakeTmp

Run Build Command:"/usr/bin/make" "cmTC_0c3cb/fast"
/usr/bin/make -f CMakeFiles/cmTC_0c3cb.dir/build.make CMakeFiles/cmTC_0c3cb.dir/build
make[1]: Entering directory '/home/ec/Documents/MainComp_Programming/FreeCodeCamp/basejumps/ar_experiments/opencvJS/build_opencv/CMakeFiles/CMakeTmp'
Building C object CMakeFiles/cmTC_0c3cb.dir/CheckIncludeFile.c.o
/home/ec/emsdk/emscripten/1.38.24/emcc   -fsigned-char -W -Wall -Werror=return-type -Werror=non-virtual-dtor -Werror=address -Werror=sequence-point -Wformat -Werror=format-security -Wmissing-declarations -Wmissing-prototypes -Wstrict-prototypes -Wundef -Winit-self -Wpointer-arith -Wshadow -Wsign-promo -Wuninitialized -Winit-self -Winconsistent-missing-override -Wno-narrowing -Wno-delete-non-virtual-dtor -Wno-unnamed-type-template-args -Wno-comment -fdiagnostics-show-option -pthread -Qunused-arguments -ffunction-sections -fdata-sections  -fvisibility=hidden -fvisibility-inlines-hidden -s WASM=0 -DNDEBUG -O2 -fPIE   -o CMakeFiles/cmTC_0c3cb.dir/CheckIncludeFile.c.o   -c /home/ec/Documents/MainComp_Programming/FreeCodeCamp/basejumps/ar_experiments/opencvJS/build_opencv/CMakeFiles/CMakeTmp/CheckIncludeFile.c
Linking C executable cmTC_0c3cb.js
/usr/bin/cmake -E cmake_link_script CMakeFiles/cmTC_0c3cb.dir/link.txt --verbose=1
/home/ec/emsdk/emscripten/1.38.24/emcc    -fsigned-char -W -Wall -Werror=return-type -Werror=non-virtual-dtor -Werror=address -Werror=sequence-point -Wformat -Werror=format-security -Wmissing-declarations -Wmissing-prototypes -Wstrict-prototypes -Wundef -Winit-self -Wpointer-arith -Wshadow -Wsign-promo -Wuninitialized -Winit-self -Winconsistent-missing-override -Wno-narrowing -Wno-delete-non-virtual-dtor -Wno-unnamed-type-template-args -Wno-comment -fdiagnostics-show-option -pthread -Qunused-arguments -ffunction-sections -fdata-sections  -fvisibility=hidden -fvisibility-inlines-hidden -s WASM=0 -DNDEBUG -O2    -Wl,--gc-sections  -O2 @CMakeFiles/cmTC_0c3cb.dir/objects1.rsp  -o cmTC_0c3cb.js 
make[1]: Leaving directory '/home/ec/Documents/MainComp_Programming/FreeCodeCamp/basejumps/ar_experiments/opencvJS/build_opencv/CMakeFiles/CMakeTmp'


Determining if the posix_memalign exist passed with the following output:
Change Dir: /home/ec/Documents/MainComp_Programming/FreeCodeCamp/basejumps/ar_experiments/opencvJS/build_opencv/CMakeFiles/CMakeTmp

Run Build Command:"/usr/bin/make" "cmTC_19373/fast"
/usr/bin/make -f CMakeFiles/cmTC_19373.dir/build.make CMakeFiles/cmTC_19373.dir/build
make[1]: Entering directory '/home/ec/Documents/MainComp_Programming/FreeCodeCamp/basejumps/ar_experiments/opencvJS/build_opencv/CMakeFiles/CMakeTmp'
Building C object CMakeFiles/cmTC_19373.dir/CheckSymbolExists.c.o
/home/ec/emsdk/emscripten/1.38.24/emcc   -fsigned-char -W -Wall -Werror=return-type -Werror=non-virtual-dtor -Werror=address -Werror=sequence-point -Wformat -Werror=format-security -Wmissing-declarations -Wmissing-prototypes -Wstrict-prototypes -Wundef -Winit-self -Wpointer-arith -Wshadow -Wsign-promo -Wuninitialized -Winit-self -Winconsistent-missing-override -Wno-narrowing -Wno-delete-non-virtual-dtor -Wno-unnamed-type-template-args -Wno-comment -fdiagnostics-show-option -pthread -Qunused-arguments -ffunction-sections -fdata-sections  -fvisibility=hidden -fvisibility-inlines-hidden -s WASM=0 -DNDEBUG -O2 -fPIE   -o CMakeFiles/cmTC_19373.dir/CheckSymbolExists.c.o   -c /home/ec/Documents/MainComp_Programming/FreeCodeCamp/basejumps/ar_experiments/opencvJS/build_opencv/CMakeFiles/CMakeTmp/CheckSymbolExists.c
Linking C executable cmTC_19373.js
/usr/bin/cmake -E cmake_link_script CMakeFiles/cmTC_19373.dir/link.txt --verbose=1
/home/ec/emsdk/emscripten/1.38.24/emcc    -fsigned-char -W -Wall -Werror=return-type -Werror=non-virtual-dtor -Werror=address -Werror=sequence-point -Wformat -Werror=format-security -Wmissing-declarations -Wmissing-prototypes -Wstrict-prototypes -Wundef -Winit-self -Wpointer-arith -Wshadow -Wsign-promo -Wuninitialized -Winit-self -Winconsistent-missing-override -Wno-narrowing -Wno-delete-non-virtual-dtor -Wno-unnamed-type-template-args -Wno-comment -fdiagnostics-show-option -pthread -Qunused-arguments -ffunction-sections -fdata-sections  -fvisibility=hidden -fvisibility-inlines-hidden -s WASM=0 -DNDEBUG -O2    -Wl,--gc-sections  -O2 @CMakeFiles/cmTC_19373.dir/objects1.rsp  -o cmTC_19373.js 
make[1]: Leaving directory '/home/ec/Documents/MainComp_Programming/FreeCodeCamp/basejumps/ar_experiments/opencvJS/build_opencv/CMakeFiles/CMakeTmp'

File /home/ec/Documents/MainComp_Programming/FreeCodeCamp/basejumps/ar_experiments/opencvJS/build_opencv/CMakeFiles/CMakeTmp/CheckSymbolExists.c:
/* */
#include <stdlib.h>

int main(int argc, char** argv)
{
  (void)argv;
#ifndef posix_memalign
  return ((int*)(&posix_memalign))[argc];
#else
  (void)argc;
  return 0;
#endif
}

Determining if the include file malloc.h exists passed with the following output:
Change Dir: /home/ec/Documents/MainComp_Programming/FreeCodeCamp/basejumps/ar_experiments/opencvJS/build_opencv/CMakeFiles/CMakeTmp

Run Build Command:"/usr/bin/make" "cmTC_6c7f9/fast"
/usr/bin/make -f CMakeFiles/cmTC_6c7f9.dir/build.make CMakeFiles/cmTC_6c7f9.dir/build
make[1]: Entering directory '/home/ec/Documents/MainComp_Programming/FreeCodeCamp/basejumps/ar_experiments/opencvJS/build_opencv/CMakeFiles/CMakeTmp'
Building C object CMakeFiles/cmTC_6c7f9.dir/CheckIncludeFile.c.o
/home/ec/emsdk/emscripten/1.38.24/emcc   -fsigned-char -W -Wall -Werror=return-type -Werror=non-virtual-dtor -Werror=address -Werror=sequence-point -Wformat -Werror=format-security -Wmissing-declarations -Wmissing-prototypes -Wstrict-prototypes -Wundef -Winit-self -Wpointer-arith -Wshadow -Wsign-promo -Wuninitialized -Winit-self -Winconsistent-missing-override -Wno-narrowing -Wno-delete-non-virtual-dtor -Wno-unnamed-type-template-args -Wno-comment -fdiagnostics-show-option -pthread -Qunused-arguments -ffunction-sections -fdata-sections  -fvisibility=hidden -fvisibility-inlines-hidden -s WASM=0 -DNDEBUG -O2 -fPIE   -o CMakeFiles/cmTC_6c7f9.dir/CheckIncludeFile.c.o   -c /home/ec/Documents/MainComp_Programming/FreeCodeCamp/basejumps/ar_experiments/opencvJS/build_opencv/CMakeFiles/CMakeTmp/CheckIncludeFile.c
Linking C executable cmTC_6c7f9.js
/usr/bin/cmake -E cmake_link_script CMakeFiles/cmTC_6c7f9.dir/link.txt --verbose=1
/home/ec/emsdk/emscripten/1.38.24/emcc    -fsigned-char -W -Wall -Werror=return-type -Werror=non-virtual-dtor -Werror=address -Werror=sequence-point -Wformat -Werror=format-security -Wmissing-declarations -Wmissing-prototypes -Wstrict-prototypes -Wundef -Winit-self -Wpointer-arith -Wshadow -Wsign-promo -Wuninitialized -Winit-self -Winconsistent-missing-override -Wno-narrowing -Wno-delete-non-virtual-dtor -Wno-unnamed-type-template-args -Wno-comment -fdiagnostics-show-option -pthread -Qunused-arguments -ffunction-sections -fdata-sections  -fvisibility=hidden -fvisibility-inlines-hidden -s WASM=0 -DNDEBUG -O2    -Wl,--gc-sections  -O2 @CMakeFiles/cmTC_6c7f9.dir/objects1.rsp  -o cmTC_6c7f9.js 
make[1]: Leaving directory '/home/ec/Documents/MainComp_Programming/FreeCodeCamp/basejumps/ar_experiments/opencvJS/build_opencv/CMakeFiles/CMakeTmp'


Determining if the memalign exist passed with the following output:
Change Dir: /home/ec/Documents/MainComp_Programming/FreeCodeCamp/basejumps/ar_experiments/opencvJS/build_opencv/CMakeFiles/CMakeTmp

Run Build Command:"/usr/bin/make" "cmTC_efc8e/fast"
/usr/bin/make -f CMakeFiles/cmTC_efc8e.dir/build.make CMakeFiles/cmTC_efc8e.dir/build
make[1]: Entering directory '/home/ec/Documents/MainComp_Programming/FreeCodeCamp/basejumps/ar_experiments/opencvJS/build_opencv/CMakeFiles/CMakeTmp'
Building C object CMakeFiles/cmTC_efc8e.dir/CheckSymbolExists.c.o
/home/ec/emsdk/emscripten/1.38.24/emcc   -fsigned-char -W -Wall -Werror=return-type -Werror=non-virtual-dtor -Werror=address -Werror=sequence-point -Wformat -Werror=format-security -Wmissing-declarations -Wmissing-prototypes -Wstrict-prototypes -Wundef -Winit-self -Wpointer-arith -Wshadow -Wsign-promo -Wuninitialized -Winit-self -Winconsistent-missing-override -Wno-narrowing -Wno-delete-non-virtual-dtor -Wno-unnamed-type-template-args -Wno-comment -fdiagnostics-show-option -pthread -Qunused-arguments -ffunction-sections -fdata-sections  -fvisibility=hidden -fvisibility-inlines-hidden -s WASM=0 -DNDEBUG -O2 -fPIE   -o CMakeFiles/cmTC_efc8e.dir/CheckSymbolExists.c.o   -c /home/ec/Documents/MainComp_Programming/FreeCodeCamp/basejumps/ar_experiments/opencvJS/build_opencv/CMakeFiles/CMakeTmp/CheckSymbolExists.c
Linking C executable cmTC_efc8e.js
/usr/bin/cmake -E cmake_link_script CMakeFiles/cmTC_efc8e.dir/link.txt --verbose=1
/home/ec/emsdk/emscripten/1.38.24/emcc    -fsigned-char -W -Wall -Werror=return-type -Werror=non-virtual-dtor -Werror=address -Werror=sequence-point -Wformat -Werror=format-security -Wmissing-declarations -Wmissing-prototypes -Wstrict-prototypes -Wundef -Winit-self -Wpointer-arith -Wshadow -Wsign-promo -Wuninitialized -Winit-self -Winconsistent-missing-override -Wno-narrowing -Wno-delete-non-virtual-dtor -Wno-unnamed-type-template-args -Wno-comment -fdiagnostics-show-option -pthread -Qunused-arguments -ffunction-sections -fdata-sections  -fvisibility=hidden -fvisibility-inlines-hidden -s WASM=0 -DNDEBUG -O2    -Wl,--gc-sections  -O2 @CMakeFiles/cmTC_efc8e.dir/objects1.rsp  -o cmTC_efc8e.js 
make[1]: Leaving directory '/home/ec/Documents/MainComp_Programming/FreeCodeCamp/basejumps/ar_experiments/opencvJS/build_opencv/CMakeFiles/CMakeTmp'

File /home/ec/Documents/MainComp_Programming/FreeCodeCamp/basejumps/ar_experiments/opencvJS/build_opencv/CMakeFiles/CMakeTmp/CheckSymbolExists.c:
/* */
#include <malloc.h>

int main(int argc, char** argv)
{
  (void)argv;
#ifndef memalign
  return ((int*)(&memalign))[argc];
#else
  (void)argc;
  return 0;
#endif
}

Determining if the function fseeko exists passed with the following output:
Change Dir: /home/ec/Documents/MainComp_Programming/FreeCodeCamp/basejumps/ar_experiments/opencvJS/build_opencv/CMakeFiles/CMakeTmp

Run Build Command:"/usr/bin/make" "cmTC_585e5/fast"
/usr/bin/make -f CMakeFiles/cmTC_585e5.dir/build.make CMakeFiles/cmTC_585e5.dir/build
make[1]: Entering directory '/home/ec/Documents/MainComp_Programming/FreeCodeCamp/basejumps/ar_experiments/opencvJS/build_opencv/CMakeFiles/CMakeTmp'
Building C object CMakeFiles/cmTC_585e5.dir/CheckFunctionExists.c.o
/home/ec/emsdk/emscripten/1.38.24/emcc   -fsigned-char -W -Wall -Werror=return-type -Werror=non-virtual-dtor -Werror=address -Werror=sequence-point -Wformat -Werror=format-security -Wmissing-declarations -Wmissing-prototypes -Wstrict-prototypes -Wundef -Winit-self -Wpointer-arith -Wshadow -Wsign-promo -Wuninitialized -Winit-self -Winconsistent-missing-override -Wno-narrowing -Wno-delete-non-virtual-dtor -Wno-unnamed-type-template-args -Wno-comment -fdiagnostics-show-option -pthread -Qunused-arguments -ffunction-sections -fdata-sections  -fvisibility=hidden -fvisibility-inlines-hidden -DCHECK_FUNCTION_EXISTS=fseeko -s WASM=0 -DNDEBUG -O2 -fPIE   -o CMakeFiles/cmTC_585e5.dir/CheckFunctionExists.c.o   -c /usr/share/cmake-3.10/Modules/CheckFunctionExists.c
Linking C executable cmTC_585e5.js
/usr/bin/cmake -E cmake_link_script CMakeFiles/cmTC_585e5.dir/link.txt --verbose=1
/home/ec/emsdk/emscripten/1.38.24/emcc    -fsigned-char -W -Wall -Werror=return-type -Werror=non-virtual-dtor -Werror=address -Werror=sequence-point -Wformat -Werror=format-security -Wmissing-declarations -Wmissing-prototypes -Wstrict-prototypes -Wundef -Winit-self -Wpointer-arith -Wshadow -Wsign-promo -Wuninitialized -Winit-self -Winconsistent-missing-override -Wno-narrowing -Wno-delete-non-virtual-dtor -Wno-unnamed-type-template-args -Wno-comment -fdiagnostics-show-option -pthread -Qunused-arguments -ffunction-sections -fdata-sections  -fvisibility=hidden -fvisibility-inlines-hidden -DCHECK_FUNCTION_EXISTS=fseeko -s WASM=0 -DNDEBUG -O2    -Wl,--gc-sections  -O2 @CMakeFiles/cmTC_585e5.dir/objects1.rsp  -o cmTC_585e5.js 
make[1]: Leaving directory '/home/ec/Documents/MainComp_Programming/FreeCodeCamp/basejumps/ar_experiments/opencvJS/build_opencv/CMakeFiles/CMakeTmp'


Determining if the include file unistd.h exists passed with the following output:
Change Dir: /home/ec/Documents/MainComp_Programming/FreeCodeCamp/basejumps/ar_experiments/opencvJS/build_opencv/CMakeFiles/CMakeTmp

Run Build Command:"/usr/bin/make" "cmTC_99996/fast"
/usr/bin/make -f CMakeFiles/cmTC_99996.dir/build.make CMakeFiles/cmTC_99996.dir/build
make[1]: Entering directory '/home/ec/Documents/MainComp_Programming/FreeCodeCamp/basejumps/ar_experiments/opencvJS/build_opencv/CMakeFiles/CMakeTmp'
Building C object CMakeFiles/cmTC_99996.dir/CheckIncludeFile.c.o
/home/ec/emsdk/emscripten/1.38.24/emcc   -fsigned-char -W -Wall -Werror=return-type -Werror=non-virtual-dtor -Werror=address -Werror=sequence-point -Wformat -Werror=format-security -Wmissing-declarations -Wmissing-prototypes -Wstrict-prototypes -Wundef -Winit-self -Wpointer-arith -Wshadow -Wsign-promo -Wuninitialized -Winit-self -Winconsistent-missing-override -Wno-narrowing -Wno-delete-non-virtual-dtor -Wno-unnamed-type-template-args -Wno-comment -fdiagnostics-show-option -pthread -Qunused-arguments -ffunction-sections -fdata-sections  -fvisibility=hidden -fvisibility-inlines-hidden -s WASM=0 -DNDEBUG -O2 -fPIE   -o CMakeFiles/cmTC_99996.dir/CheckIncludeFile.c.o   -c /home/ec/Documents/MainComp_Programming/FreeCodeCamp/basejumps/ar_experiments/opencvJS/build_opencv/CMakeFiles/CMakeTmp/CheckIncludeFile.c
Linking C executable cmTC_99996.js
/usr/bin/cmake -E cmake_link_script CMakeFiles/cmTC_99996.dir/link.txt --verbose=1
/home/ec/emsdk/emscripten/1.38.24/emcc    -fsigned-char -W -Wall -Werror=return-type -Werror=non-virtual-dtor -Werror=address -Werror=sequence-point -Wformat -Werror=format-security -Wmissing-declarations -Wmissing-prototypes -Wstrict-prototypes -Wundef -Winit-self -Wpointer-arith -Wshadow -Wsign-promo -Wuninitialized -Winit-self -Winconsistent-missing-override -Wno-narrowing -Wno-delete-non-virtual-dtor -Wno-unnamed-type-template-args -Wno-comment -fdiagnostics-show-option -pthread -Qunused-arguments -ffunction-sections -fdata-sections  -fvisibility=hidden -fvisibility-inlines-hidden -s WASM=0 -DNDEBUG -O2    -Wl,--gc-sections  -O2 @CMakeFiles/cmTC_99996.dir/objects1.rsp  -o cmTC_99996.js 
make[1]: Leaving directory '/home/ec/Documents/MainComp_Programming/FreeCodeCamp/basejumps/ar_experiments/opencvJS/build_opencv/CMakeFiles/CMakeTmp'


Determining if the include file sys/types.h exists passed with the following output:
Change Dir: /home/ec/Documents/MainComp_Programming/FreeCodeCamp/basejumps/ar_experiments/opencvJS/build_opencv/CMakeFiles/CMakeTmp

Run Build Command:"/usr/bin/make" "cmTC_54be5/fast"
/usr/bin/make -f CMakeFiles/cmTC_54be5.dir/build.make CMakeFiles/cmTC_54be5.dir/build
make[1]: Entering directory '/home/ec/Documents/MainComp_Programming/FreeCodeCamp/basejumps/ar_experiments/opencvJS/build_opencv/CMakeFiles/CMakeTmp'
Building C object CMakeFiles/cmTC_54be5.dir/CheckIncludeFile.c.o
/home/ec/emsdk/emscripten/1.38.24/emcc   -fsigned-char -W -Wall -Werror=return-type -Werror=non-virtual-dtor -Werror=address -Werror=sequence-point -Wformat -Werror=format-security -Wmissing-declarations -Wmissing-prototypes -Wstrict-prototypes -Wundef -Winit-self -Wpointer-arith -Wshadow -Wsign-promo -Wuninitialized -Winit-self -Winconsistent-missing-override -Wno-narrowing -Wno-delete-non-virtual-dtor -Wno-unnamed-type-template-args -Wno-comment -fdiagnostics-show-option -pthread -Qunused-arguments -ffunction-sections -fdata-sections  -fvisibility=hidden -fvisibility-inlines-hidden -s WASM=0 -DNDEBUG -O2 -fPIE   -o CMakeFiles/cmTC_54be5.dir/CheckIncludeFile.c.o   -c /home/ec/Documents/MainComp_Programming/FreeCodeCamp/basejumps/ar_experiments/opencvJS/build_opencv/CMakeFiles/CMakeTmp/CheckIncludeFile.c
Linking C executable cmTC_54be5.js
/usr/bin/cmake -E cmake_link_script CMakeFiles/cmTC_54be5.dir/link.txt --verbose=1
/home/ec/emsdk/emscripten/1.38.24/emcc    -fsigned-char -W -Wall -Werror=return-type -Werror=non-virtual-dtor -Werror=address -Werror=sequence-point -Wformat -Werror=format-security -Wmissing-declarations -Wmissing-prototypes -Wstrict-prototypes -Wundef -Winit-self -Wpointer-arith -Wshadow -Wsign-promo -Wuninitialized -Winit-self -Winconsistent-missing-override -Wno-narrowing -Wno-delete-non-virtual-dtor -Wno-unnamed-type-template-args -Wno-comment -fdiagnostics-show-option -pthread -Qunused-arguments -ffunction-sections -fdata-sections  -fvisibility=hidden -fvisibility-inlines-hidden -s WASM=0 -DNDEBUG -O2    -Wl,--gc-sections  -O2 @CMakeFiles/cmTC_54be5.dir/objects1.rsp  -o cmTC_54be5.js 
make[1]: Leaving directory '/home/ec/Documents/MainComp_Programming/FreeCodeCamp/basejumps/ar_experiments/opencvJS/build_opencv/CMakeFiles/CMakeTmp'


Determining if the include file stdint.h exists passed with the following output:
Change Dir: /home/ec/Documents/MainComp_Programming/FreeCodeCamp/basejumps/ar_experiments/opencvJS/build_opencv/CMakeFiles/CMakeTmp

Run Build Command:"/usr/bin/make" "cmTC_43528/fast"
/usr/bin/make -f CMakeFiles/cmTC_43528.dir/build.make CMakeFiles/cmTC_43528.dir/build
make[1]: Entering directory '/home/ec/Documents/MainComp_Programming/FreeCodeCamp/basejumps/ar_experiments/opencvJS/build_opencv/CMakeFiles/CMakeTmp'
Building C object CMakeFiles/cmTC_43528.dir/CheckIncludeFile.c.o
/home/ec/emsdk/emscripten/1.38.24/emcc   -fsigned-char -W -Wall -Werror=return-type -Werror=non-virtual-dtor -Werror=address -Werror=sequence-point -Wformat -Werror=format-security -Wmissing-declarations -Wmissing-prototypes -Wstrict-prototypes -Wundef -Winit-self -Wpointer-arith -Wshadow -Wsign-promo -Wuninitialized -Winit-self -Winconsistent-missing-override -Wno-narrowing -Wno-delete-non-virtual-dtor -Wno-unnamed-type-template-args -Wno-comment -fdiagnostics-show-option -pthread -Qunused-arguments -ffunction-sections -fdata-sections  -fvisibility=hidden -fvisibility-inlines-hidden -s WASM=0 -DNDEBUG -O2 -fPIE   -o CMakeFiles/cmTC_43528.dir/CheckIncludeFile.c.o   -c /home/ec/Documents/MainComp_Programming/FreeCodeCamp/basejumps/ar_experiments/opencvJS/build_opencv/CMakeFiles/CMakeTmp/CheckIncludeFile.c
Linking C executable cmTC_43528.js
/usr/bin/cmake -E cmake_link_script CMakeFiles/cmTC_43528.dir/link.txt --verbose=1
/home/ec/emsdk/emscripten/1.38.24/emcc    -fsigned-char -W -Wall -Werror=return-type -Werror=non-virtual-dtor -Werror=address -Werror=sequence-point -Wformat -Werror=format-security -Wmissing-declarations -Wmissing-prototypes -Wstrict-prototypes -Wundef -Winit-self -Wpointer-arith -Wshadow -Wsign-promo -Wuninitialized -Winit-self -Winconsistent-missing-override -Wno-narrowing -Wno-delete-non-virtual-dtor -Wno-unnamed-type-template-args -Wno-comment -fdiagnostics-show-option -pthread -Qunused-arguments -ffunction-sections -fdata-sections  -fvisibility=hidden -fvisibility-inlines-hidden -s WASM=0 -DNDEBUG -O2    -Wl,--gc-sections  -O2 @CMakeFiles/cmTC_43528.dir/objects1.rsp  -o cmTC_43528.js 
make[1]: Leaving directory '/home/ec/Documents/MainComp_Programming/FreeCodeCamp/basejumps/ar_experiments/opencvJS/build_opencv/CMakeFiles/CMakeTmp'


Determining if the include file stddef.h exists passed with the following output:
Change Dir: /home/ec/Documents/MainComp_Programming/FreeCodeCamp/basejumps/ar_experiments/opencvJS/build_opencv/CMakeFiles/CMakeTmp

Run Build Command:"/usr/bin/make" "cmTC_a6804/fast"
/usr/bin/make -f CMakeFiles/cmTC_a6804.dir/build.make CMakeFiles/cmTC_a6804.dir/build
make[1]: Entering directory '/home/ec/Documents/MainComp_Programming/FreeCodeCamp/basejumps/ar_experiments/opencvJS/build_opencv/CMakeFiles/CMakeTmp'
Building C object CMakeFiles/cmTC_a6804.dir/CheckIncludeFile.c.o
/home/ec/emsdk/emscripten/1.38.24/emcc   -fsigned-char -W -Wall -Werror=return-type -Werror=non-virtual-dtor -Werror=address -Werror=sequence-point -Wformat -Werror=format-security -Wmissing-declarations -Wmissing-prototypes -Wstrict-prototypes -Wundef -Winit-self -Wpointer-arith -Wshadow -Wsign-promo -Wuninitialized -Winit-self -Winconsistent-missing-override -Wno-narrowing -Wno-delete-non-virtual-dtor -Wno-unnamed-type-template-args -Wno-comment -fdiagnostics-show-option -pthread -Qunused-arguments -ffunction-sections -fdata-sections  -fvisibility=hidden -fvisibility-inlines-hidden -s WASM=0 -DNDEBUG -O2 -fPIE   -o CMakeFiles/cmTC_a6804.dir/CheckIncludeFile.c.o   -c /home/ec/Documents/MainComp_Programming/FreeCodeCamp/basejumps/ar_experiments/opencvJS/build_opencv/CMakeFiles/CMakeTmp/CheckIncludeFile.c
Linking C executable cmTC_a6804.js
/usr/bin/cmake -E cmake_link_script CMakeFiles/cmTC_a6804.dir/link.txt --verbose=1
/home/ec/emsdk/emscripten/1.38.24/emcc    -fsigned-char -W -Wall -Werror=return-type -Werror=non-virtual-dtor -Werror=address -Werror=sequence-point -Wformat -Werror=format-security -Wmissing-declarations -Wmissing-prototypes -Wstrict-prototypes -Wundef -Winit-self -Wpointer-arith -Wshadow -Wsign-promo -Wuninitialized -Winit-self -Winconsistent-missing-override -Wno-narrowing -Wno-delete-non-virtual-dtor -Wno-unnamed-type-template-args -Wno-comment -fdiagnostics-show-option -pthread -Qunused-arguments -ffunction-sections -fdata-sections  -fvisibility=hidden -fvisibility-inlines-hidden -s WASM=0 -DNDEBUG -O2    -Wl,--gc-sections  -O2 @CMakeFiles/cmTC_a6804.dir/objects1.rsp  -o cmTC_a6804.js 
make[1]: Leaving directory '/home/ec/Documents/MainComp_Programming/FreeCodeCamp/basejumps/ar_experiments/opencvJS/build_opencv/CMakeFiles/CMakeTmp'


